Streaming transaction logs mentioning 9dyeUpFkXJXceLChsrFrgoprCSW4xHCgpQevnbqKgoUB. Confirmed commitment
Transaction executed in slot 194131338:
  Signature: 5QpAStzA5seBsKr4n1krJ2AfLRvG3Dwh1DoMqS8fAo2rQ8nW9up5xcUQHj1saK9MshSeRZyBkEZ6XBnihrzMKFU5
  Status: Error processing Instruction 0: custom program error: 0xbc4
  Log Messages:
    Program 9dyeUpFkXJXceLChsrFrgoprCSW4xHCgpQevnbqKgoUB invoke [1]
    Program log: Instruction: VerifyFeetierAccount
    Program log: AnchorError caused by account: feetier. Error Code: AccountNotInitialized. Error Number: 3012. Error Message: The program expected this account to be already initialized.
    Program 9dyeUpFkXJXceLChsrFrgoprCSW4xHCgpQevnbqKgoUB consumed 3511 of 200000 compute units
    Program 9dyeUpFkXJXceLChsrFrgoprCSW4xHCgpQevnbqKgoUB failed: custom program error: 0xbc4
Transaction executed in slot 194131339:
  Signature: C9jG9CiMT7oAskdHCMWuztSF3Ey8wQPDVeqyyro1fbSPRsJbb423WVVgvNDb7baEn1ZCjKsnpsyhGV9Moz7XJQy
  Status: Error processing Instruction 0: custom program error: 0xbc4
  Log Messages:
    Program 9dyeUpFkXJXceLChsrFrgoprCSW4xHCgpQevnbqKgoUB invoke [1]
    Program log: Instruction: VerifyWhirlpoolAccount
    Program log: AnchorError caused by account: whirlpool. Error Code: AccountNotInitialized. Error Number: 3012. Error Message: The program expected this account to be already initialized.
    Program 9dyeUpFkXJXceLChsrFrgoprCSW4xHCgpQevnbqKgoUB consumed 3439 of 200000 compute units
    Program 9dyeUpFkXJXceLChsrFrgoprCSW4xHCgpQevnbqKgoUB failed: custom program error: 0xbc4
Transaction executed in slot 194131339:
  Signature: u2QhnJhZ2dYjnQw9m8USR1c9cfsnZpDYqyKe9kQscts1X5ufv5Eepqrsue7L5rYpgd88c3C1shivwxu89Ti5C7x
  Status: Error processing Instruction 0: custom program error: 0xbc4
  Log Messages:
    Program 9dyeUpFkXJXceLChsrFrgoprCSW4xHCgpQevnbqKgoUB invoke [1]
    Program log: Instruction: VerifyPositionAccount
    Program log: AnchorError caused by account: position. Error Code: AccountNotInitialized. Error Number: 3012. Error Message: The program expected this account to be already initialized.
    Program 9dyeUpFkXJXceLChsrFrgoprCSW4xHCgpQevnbqKgoUB consumed 3422 of 200000 compute units
    Program 9dyeUpFkXJXceLChsrFrgoprCSW4xHCgpQevnbqKgoUB failed: custom program error: 0xbc4
Transaction executed in slot 194131342:
  Signature: 5X8zTsK3TFCtEGMtHcauZNuFJgTbijcmnYMWnZBD3gKFyHG67WY5M5THj9x7G4MgxEayr2KqC3fpVAWGxpuUvfJT
  Status: Error processing Instruction 0: custom program error: 0xbc4
  Log Messages:
    Program 9dyeUpFkXJXceLChsrFrgoprCSW4xHCgpQevnbqKgoUB invoke [1]
    Program log: Instruction: VerifyPositionAccount
    Program log: AnchorError caused by account: position. Error Code: AccountNotInitialized. Error Number: 3012. Error Message: The program expected this account to be already initialized.
    Program 9dyeUpFkXJXceLChsrFrgoprCSW4xHCgpQevnbqKgoUB consumed 3422 of 200000 compute units
    Program 9dyeUpFkXJXceLChsrFrgoprCSW4xHCgpQevnbqKgoUB failed: custom program error: 0xbc4
